<?xml version="1.0" encoding="UTF-8"?>
<!-- Generated by org.testng.reporters.JUnitReportReporter -->
<testsuite name="com.infrrd.roostifyapitest.testcase.QaAPI" tests="3" time="9.052" ignored="0" failures="0" timestamp="03 Nov 2017 08:48:56 GMT" skipped="0" hostname="DESKTOP-IEOF3HT" errors="0">
  <testcase name="display_all_tasks" time="1.895" classname="com.infrrd.roostifyapitest.testcase.QaAPI"/>
  <testcase name="creating_and_update_a_task" time="5.623" classname="com.infrrd.roostifyapitest.testcase.QaAPI"/>
  <testcase name="retrieving_accounts" time="1.534" classname="com.infrrd.roostifyapitest.testcase.QaAPI"/>
</testsuite> <!-- com.infrrd.roostifyapitest.testcase.QaAPI -->
